2024-01-28 03:00:19,124 -- INFO : Scraping data of company tesla with keywords bankrupt,car using Google
2024-01-28 03:00:21,112 -- INFO : Scraping data of company tesla with keywords bankrupt,car using Yahoo
2024-01-28 03:00:24,901 -- INFO : Scraping data of company tesla with keywords bankrupt,car using Bing
2024-01-28 03:00:27,518 -- INFO : Scraping data of company tesla with keywords today,IRFC share using Google
2024-01-28 03:00:29,441 -- INFO : Scraping data of company tesla with keywords today,IRFC share using Yahoo
2024-01-28 03:00:33,051 -- INFO : Scraping data of company tesla with keywords today,IRFC share using Bing
2024-01-28 03:00:34,884 -- INFO : Scraping data of company Share market with keywords bankrupt,car using Google
2024-01-28 03:00:36,884 -- INFO : Scraping data of company Share market with keywords bankrupt,car using Yahoo
2024-01-28 03:00:40,466 -- INFO : Scraping data of company Share market with keywords bankrupt,car using Bing
2024-01-28 03:00:42,533 -- INFO : Scraping data of company Share market with keywords today,IRFC share using Google
2024-01-28 03:00:44,585 -- INFO : Scraping data of company Share market with keywords today,IRFC share using Yahoo
2024-01-28 03:00:47,700 -- INFO : Scraping data of company Share market with keywords today,IRFC share using Bing
2024-01-28 03:02:19,681 -- INFO : Scraping data of company tesla with keywords bankrupt,car using Google
2024-01-28 03:02:21,546 -- INFO : Scraping data of company tesla with keywords bankrupt,car using Yahoo
2024-01-28 03:02:24,696 -- INFO : Scraping data of company tesla with keywords bankrupt,car using Bing
2024-01-28 03:02:26,912 -- INFO : Scraping data of company tesla with keywords today,IRFC share using Google
2024-01-28 03:02:28,897 -- INFO : Scraping data of company tesla with keywords today,IRFC share using Yahoo
2024-01-28 03:02:32,096 -- INFO : Scraping data of company tesla with keywords today,IRFC share using Bing
2024-01-28 03:02:34,129 -- INFO : Scraping data of company Share market with keywords bankrupt,car using Google
2024-01-28 03:02:36,046 -- INFO : Scraping data of company Share market with keywords bankrupt,car using Yahoo
2024-01-28 03:02:39,212 -- INFO : Scraping data of company Share market with keywords bankrupt,car using Bing
2024-01-28 03:02:41,183 -- INFO : Scraping data of company Share market with keywords today,IRFC share using Google
2024-01-28 03:02:43,195 -- INFO : Scraping data of company Share market with keywords today,IRFC share using Yahoo
2024-01-28 03:02:46,779 -- INFO : Scraping data of company Share market with keywords today,IRFC share using Bing
